<?xml version="1.0" encoding="UTF-8"?>
<!-- Generated by org.testng.reporters.JUnitReportReporter -->
<testsuite hostname="LAPTOP-9A3EHMMK" failures="0" tests="1" name="Tests.LoginTest" time="0.605" errors="0" timestamp="29 May 2021 12:26:34 GMT" skipped="0">
  <testcase classname="Tests.LoginTest" name="login" time="0.605"/>
</testsuite> <!-- Tests.LoginTest -->
